[debug] [2024-06-20T18:17:45.419Z] ----------------------------------------------------------------------
[debug] [2024-06-20T18:17:45.421Z] Command:       C:\Program Files\nodejs\node.exe C:\Users\thara\AppData\Roaming\npm\node_modules\firebase-tools\lib\bin\firebase.js init
[debug] [2024-06-20T18:17:45.421Z] CLI Version:   13.10.2
[debug] [2024-06-20T18:17:45.421Z] Platform:      win32
[debug] [2024-06-20T18:17:45.421Z] Node Version:  v22.2.0
[debug] [2024-06-20T18:17:45.422Z] Time:          Thu Jun 20 2024 23:47:45 GMT+0530 (India Standard Time)
[debug] [2024-06-20T18:17:45.422Z] ----------------------------------------------------------------------
[debug] 
[debug] [2024-06-20T18:17:45.424Z] >>> [apiv2][query] GET https://firebase-public.firebaseio.com/cli.json [none]
[debug] [2024-06-20T18:17:45.471Z] > command requires scopes: ["email","openid","https://www.googleapis.com/auth/cloudplatformprojects.readonly","https://www.googleapis.com/auth/firebase","https://www.googleapis.com/auth/cloud-platform"]
[debug] [2024-06-20T18:17:45.472Z] > authorizing via signed-in user (tharakaprabhath300@gmail.com)
[info] 
     ######## #### ########  ######## ########     ###     ######  ########
     ##        ##  ##     ## ##       ##     ##  ##   ##  ##       ##
     ######    ##  ########  ######   ########  #########  ######  ######
     ##        ##  ##    ##  ##       ##     ## ##     ##       ## ##
     ##       #### ##     ## ######## ########  ##     ##  ######  ########

You're about to initialize a Firebase project in this directory:

  F:\Personal projects\Photograper\client

[debug] [2024-06-20T18:17:46.871Z] <<< [apiv2][status] GET https://firebase-public.firebaseio.com/cli.json 200
[debug] [2024-06-20T18:17:46.872Z] <<< [apiv2][body] GET https://firebase-public.firebaseio.com/cli.json {"cloudBuildErrorAfter":1594252800000,"cloudBuildWarnAfter":1590019200000,"defaultNode10After":1594252800000,"minVersion":"3.0.5","node8DeploysDisabledAfter":1613390400000,"node8RuntimeDisabledAfter":1615809600000,"node8WarnAfter":1600128000000}
[info] 
=== Project Setup
[info] 
[info] First, let's associate this project directory with a Firebase project.
[info] You can create multiple project aliases by running firebase use --add, 
[info] but for now we'll just set up a default project.
[info] 
[debug] [2024-06-20T18:18:13.397Z] > refreshing access token with scopes: []
[debug] [2024-06-20T18:18:13.398Z] >>> [apiv2][query] POST https://www.googleapis.com/oauth2/v3/token [none]
[debug] [2024-06-20T18:18:13.398Z] >>> [apiv2][body] POST https://www.googleapis.com/oauth2/v3/token [omitted]
[debug] [2024-06-20T18:18:13.976Z] <<< [apiv2][status] POST https://www.googleapis.com/oauth2/v3/token 200
[debug] [2024-06-20T18:18:13.976Z] <<< [apiv2][body] POST https://www.googleapis.com/oauth2/v3/token [omitted]
[debug] [2024-06-20T18:18:13.996Z] >>> [apiv2][query] GET https://firebase.googleapis.com/v1beta1/projects pageSize=100
[debug] [2024-06-20T18:18:15.328Z] <<< [apiv2][status] GET https://firebase.googleapis.com/v1beta1/projects 200
[debug] [2024-06-20T18:18:15.329Z] <<< [apiv2][body] GET https://firebase.googleapis.com/v1beta1/projects [omitted]
[info] i  Using project photographer-67717 (photographer) 
[info] 
=== Hosting Setup
[debug] [2024-06-20T18:18:27.884Z] >>> [apiv2][query] GET https://firebase.googleapis.com/v1beta1/projects/photographer-67717 [none]
[debug] [2024-06-20T18:18:28.727Z] <<< [apiv2][status] GET https://firebase.googleapis.com/v1beta1/projects/photographer-67717 200
[debug] [2024-06-20T18:18:28.728Z] <<< [apiv2][body] GET https://firebase.googleapis.com/v1beta1/projects/photographer-67717 {"projectId":"photographer-67717","projectNumber":"131780175244","displayName":"photographer","name":"projects/photographer-67717","resources":{"hostingSite":"photographer-67717"},"state":"ACTIVE","etag":"1_b4ba43ae-0d8c-48f1-90be-a00d566fabbb"}
[info] 
[info] Your public directory is the folder (relative to your project directory) that
[info] will contain Hosting assets to be uploaded with firebase deploy. If you
[info] have a build process for your assets, use your build's output directory.
[info] 
